
> frontend@0.0.0 dev
> vite


  VITE v6.3.5  ready in 520 ms

  ➜  Local:   http://localhost:5173/
  ➜  Network: use --host to expose
13:28:13 [vite] (client) Pre-transform error: [vue/compiler-sfc] Unexpected token, expected "," (91:61)

/home/mariusz/projekty/drabinka-turniejowa/frontend/src/App.vue
568|    { id: 'rankingi', name: 'Rankingi', icon: ListBulletIcon, adminOnly: false },
569|    { id: 'start-line', name: 'Centrum Startu', icon: QrCodeIcon, adminOnly: true },
570|    { id: 'qr-print', name: 'Drukowanie QR', icon: PrinterIcon adminOnly: true },
   |                                                               ^
571|    { id: 'qr-dashboard', name: 'QR Dashboard', icon: QrCodeIcon, adminOnly: true },
572|  ]
  Plugin: vite:vue
  File: /home/mariusz/projekty/drabinka-turniejowa/frontend/src/App.vue:91:61
  41 |                  @click="toggleAdminMode"
  42 |                  :class="[
  43 |                    'relative inline-flex h-5 w-9 sm:h-6 sm:w-11 flex-shrink-0 cursor-pointer rounded-full border-2 border-transparent transition-colors duration-200 ease-in-out focus:outline-none focus:ring-2 focus:ring-indigo-500 focus:ring-offset-2',
     |   ^
  44 |                    isAdmin ? 'bg-indigo-600' : 'bg-gray-200 dark:bg-gray-600'
  45 |                  ]"
16:51:04 [vite] (client) page reload index.html
16:51:04 [vite] (client) page reload src/main.ts
16:51:04 [vite] (client) hmr update /src/App.vue, /src/style.css
16:51:04 [vite] (client) hmr update /src/components/DrabinkaPucharowa.vue, /src/style.css
16:51:04 [vite] (client) hmr update /src/components/Rankingi.vue, /src/style.css
16:51:04 [vite] (client) hmr update /src/components/StartLineScanner.vue, /src/style.css
16:51:04 [vite] (client) page reload src/components/QrPrintAdvanced.vue
16:51:04 [vite] (client) page reload src/components/UniversalFilterSystem.vue
16:51:04 [vite] (client) page reload src/components/UniversalFiltersDemo.vue
16:51:04 [vite] (client) page reload src/composables/useUniversalFilters.ts
16:51:19 [vite] (client) page reload index.html
16:51:19 [vite] (client) page reload src/main.ts
16:51:19 [vite] (client) page reload src/components/QrPrintAdvanced.vue
16:51:19 [vite] (client) page reload src/components/UniversalFilterSystem.vue
16:51:19 [vite] (client) page reload src/composables/useUniversalFilters.ts
16:51:19 [vite] (client) page reload src/components/UniversalFiltersDemo.vue
16:51:19 [vite] (client) hmr update /src/App.vue, /src/style.css
16:51:19 [vite] (client) hmr update /src/components/DrabinkaPucharowa.vue, /src/style.css
16:51:19 [vite] (client) hmr update /src/components/Rankingi.vue, /src/style.css
16:51:19 [vite] (client) hmr update /src/components/StartLineScanner.vue, /src/style.css
19:06:21 [vite] (client) hmr update /src/App.vue, /src/style.css
19:06:34 [vite] (client) hmr update /src/App.vue, /src/style.css
19:06:49 [vite] (client) hmr update /src/App.vue, /src/style.css
19:07:11 [vite] (client) hmr update /src/App.vue, /src/style.css
19:07:29 [vite] (client) hmr update /src/App.vue, /src/style.css
19:07:38 [vite] (client) hmr update /src/App.vue, /src/style.css
19:09:10 [vite] vite.config.ts changed, restarting server...
19:09:11 [vite] server restarted.
19:09:32 [vite] vite.config.ts changed, restarting server...
failed to load config from /home/mariusz/projekty/drabinka-turniejowa/frontend/vite.config.ts
19:09:32 [vite] config must export or return an object.
19:09:32 [vite] server restart failed
19:09:32 [vite] vite.config.ts changed, restarting server...
19:09:32 [vite] (client) Re-optimizing dependencies because vite config has changed
19:09:32 [vite] server restarted.
